Using pre-set license
Built from '2020.3/staging' branch; Version is '2020.3.9f1 (108be757e447) revision 1084391'; Using compiler version '192528614'; Build Type 'Release'
OS: 'Windows 10 Home; OS build 19041.985; Version 2004; 64bit' Language: 'ja' Physical Memory: 8137 MB
BatchMode: 1, IsHumanControllingUs: 0, StartBugReporterOnCrash: 0, Is64bit: 1, IsPro: 0

 COMMAND LINE ARGUMENTS:
C:\Program Files\Unity\Hub\Editor\2020.3.9f1\Editor\Unity.exe
-adb2
-batchMode
-noUpm
-name
AssetImportWorker0
-projectPath
C:/Users/Takuya/UnityProjects/New Unity Project
-logFile
Logs/AssetImportWorker0.log
-srvPort
56701
Successfully changed project path to: C:/Users/Takuya/UnityProjects/New Unity Project
C:/Users/Takuya/UnityProjects/New Unity Project
Using Asset Import Pipeline V2.
Refreshing native plugins compatible for Editor in 24.17 ms, found 0 plugins.
Preloading 0 native plugins for Editor in 0.00 ms.
Initialize engine version: 2020.3.9f1 (108be757e447)
[Subsystems] Discovering subsystems at path C:/Program Files/Unity/Hub/Editor/2020.3.9f1/Editor/Data/Resources/UnitySubsystems
[Subsystems] Discovering subsystems at path C:/Users/Takuya/UnityProjects/New Unity Project/Assets
GfxDevice: creating device client; threaded=0
Direct3D:
    Version:  Direct3D 11.0 [level 11.1]
    Renderer: NVIDIA GeForce GTX 1060 6GB (ID=0x1c03)
    Vendor:   
    VRAM:     6052 MB
    Driver:   27.21.14.5671
Initialize mono
Mono path[0] = 'C:/Program Files/Unity/Hub/Editor/2020.3.9f1/Editor/Data/Managed'
Mono path[1] = 'C:/Program Files/Unity/Hub/Editor/2020.3.9f1/Editor/Data/MonoBleedingEdge/lib/mono/unityjit'
Mono config path = 'C:/Program Files/Unity/Hub/Editor/2020.3.9f1/Editor/Data/MonoBleedingEdge/etc'
Using monoOptions --debugger-agent=transport=dt_socket,embedding=1,server=y,suspend=n,address=127.0.0.1:56708
Begin MonoManager ReloadAssembly
Registering precompiled unity dll's ...
Register platform support module: C:/Program Files/Unity/Hub/Editor/2020.3.9f1/Editor/Data/PlaybackEngines/WindowsStandaloneSupport/UnityEditor.WindowsStandalone.Extensions.dll
Registered in 0.001721 seconds.
Native extension for WindowsStandalone target not found
Refreshing native plugins compatible for Editor in 21.53 ms, found 0 plugins.
Preloading 0 native plugins for Editor in 0.00 ms.
Mono: successfully reloaded assembly
- Completed reload, in  0.913 seconds
Platform modules already initialized, skipping
Registering precompiled user dll's ...
Registered in 0.000789 seconds.
Begin MonoManager ReloadAssembly
Native extension for WindowsStandalone target not found
Refreshing native plugins compatible for Editor in 0.20 ms, found 0 plugins.
Preloading 0 native plugins for Editor in 0.00 ms.
Mono: successfully reloaded assembly
- Completed reload, in  0.746 seconds
Platform modules already initialized, skipping
========================================================================
Worker process is ready to serve import requests
Launched and connected shader compiler UnityShaderCompiler.exe after 0.06 seconds
Refreshing native plugins compatible for Editor in 0.19 ms, found 0 plugins.
Preloading 0 native plugins for Editor in 0.00 ms.
Unloading 1117 Unused Serialized files (Serialized files now loaded: 0)
System memory in use before: 57.2 MB.
System memory in use after: 57.2 MB.

Unloading 10 unused Assets to reduce memory usage. Loaded Objects now: 1559.
Total: 1.744000 ms (FindLiveObjects: 0.161000 ms CreateObjectMapping: 0.031600 ms MarkObjects: 1.446000 ms  DeleteObjects: 0.104500 ms)

========================================================================
Received Import Request.
  path: Assets/Scenes
  artifactKey: Guid(6fb9d7a3732628f45a4f6eb0416607b6) Importer(815301076,1909f56bfc062723c751e8b465ee728b)
Start importing Assets/Scenes using Guid(6fb9d7a3732628f45a4f6eb0416607b6) Importer(815301076,1909f56bfc062723c751e8b465ee728b)  -> (artifact id: '5950ba23c85d90abc43c2adb82f2a513') in 0.024422 seconds
  Import took 0.027115 seconds .

========================================================================
Received Prepare
Registering precompiled user dll's ...
Registered in 0.000579 seconds.
Begin MonoManager ReloadAssembly
Native extension for WindowsStandalone target not found
Refreshing native plugins compatible for Editor in 0.23 ms, found 0 plugins.
Preloading 0 native plugins for Editor in 0.00 ms.
Mono: successfully reloaded assembly
- Completed reload, in  0.733 seconds
Platform modules already initialized, skipping
Refreshing native plugins compatible for Editor in 0.34 ms, found 0 plugins.
Preloading 0 native plugins for Editor in 0.00 ms.
Unloading 1112 Unused Serialized files (Serialized files now loaded: 0)
System memory in use before: 57.1 MB.
System memory in use after: 57.2 MB.

Unloading 5 unused Assets to reduce memory usage. Loaded Objects now: 1562.
Total: 1.690200 ms (FindLiveObjects: 0.123700 ms CreateObjectMapping: 0.026700 ms MarkObjects: 1.455600 ms  DeleteObjects: 0.083400 ms)

AssetImportWorkerClient::OnTransportError - code=2 error=End of file
